-1941831582: THREAD 0 INSERT,1874280167,Shigeru Miyamoto,85000
-1941831350: THREAD 0 WAITING FOR MY TURN
-1941831338: THREAD 0 AWAKENED FOR WORK
-1941831338: THREAD 0 WRITE LOCK ACQUIRED
-1941829627: THREAD 0 WRITE LOCK RELEASED
-1941828641: THREAD 1 INSERT,-1725001979,Hideo Kojima,92000
-1941828434: THREAD 1 AWAKENED FOR WORK
-1941828434: THREAD 1 WRITE LOCK ACQUIRED
-1941826810: THREAD 1 WRITE LOCK RELEASED
-1941825767: THREAD 2 INSERT,448054155,Gabe Newell,88000
-1941825491: THREAD 2 AWAKENED FOR WORK
-1941825491: THREAD 2 WRITE LOCK ACQUIRED
-1941813180: THREAD 2 WRITE LOCK RELEASED
-1941812074: THREAD 3 INSERT,-409174646,Todd Howard,79000
-1941811798: THREAD 3 AWAKENED FOR WORK
-1941811798: THREAD 3 WRITE LOCK ACQUIRED
-1941810078: THREAD 3 WRITE LOCK RELEASED
-1941808712: THREAD 4 INSERT,1088855094,Hidetaka Miyazaki,95000
-1941808499: THREAD 4 AWAKENED FOR WORK
-1941808499: THREAD 4 WRITE LOCK ACQUIRED
-1941807225: THREAD 4 WRITE LOCK RELEASED
-1941807054: THREAD 5 AWAKENED FOR WORK
-1941807054: THREAD 5 READ LOCK ACQUIRED
-1941802071: THREAD 5 READ LOCK RELEASED
-1941800863: THREAD 6 SEARCH,1874280167,Shigeru Miyamoto
-1941800628: THREAD 6 AWAKENED FOR WORK
-1941800628: THREAD 6 READ LOCK ACQUIRED
-1941799428: THREAD 6 READ LOCK RELEASED
-1941798523: THREAD 7 SEARCH,-1725001979,Hideo Kojima
-1941798382: THREAD 7 AWAKENED FOR WORK
-1941798382: THREAD 7 READ LOCK ACQUIRED
-1941797165: THREAD 7 READ LOCK RELEASED
-1941796119: THREAD 8 INSERT,1698859017,Hayao Miyazaki,105000
-1941795887: THREAD 8 AWAKENED FOR WORK
-1941795887: THREAD 8 WRITE LOCK ACQUIRED
-1941794099: THREAD 8 WRITE LOCK RELEASED
-1941793203: THREAD 9 INSERT,1636918322,Satoshi Kon,98000
-1941793076: THREAD 9 AWAKENED FOR WORK
-1941793076: THREAD 9 WRITE LOCK ACQUIRED
-1941791918: THREAD 9 WRITE LOCK RELEASED
-1941790942: THREAD 10 INSERT,-1899343693,Makoto Shinkai,102000
-1941790786: THREAD 10 AWAKENED FOR WORK
-1941790786: THREAD 10 WRITE LOCK ACQUIRED
-1941789509: THREAD 10 WRITE LOCK RELEASED
-1941789349: THREAD 11 AWAKENED FOR WORK
-1941789349: THREAD 11 READ LOCK ACQUIRED
-1941781751: THREAD 11 READ LOCK RELEASED
-1941780567: THREAD 12 UPDATE,1874280167,Shigeru Miyamoto,90000
-1941780350: THREAD 12 AWAKENED FOR WORK
-1941780350: THREAD 12 WRITE LOCK ACQUIRED
-1941777439: THREAD 12 WRITE LOCK RELEASED
-1941776508: THREAD 13 UPDATE,-1725001979,Hideo Kojima,97000
-1941776354: THREAD 13 AWAKENED FOR WORK
-1941776354: THREAD 13 WRITE LOCK ACQUIRED
-1941773585: THREAD 13 WRITE LOCK RELEASED
-1941772475: THREAD 14 SEARCH,1874280167,Shigeru Miyamoto
-1941772318: THREAD 14 AWAKENED FOR WORK
-1941772318: THREAD 14 READ LOCK ACQUIRED
-1941771186: THREAD 14 READ LOCK RELEASED
-1941770312: THREAD 15 SEARCH,-1725001979,Hideo Kojima
-1941770181: THREAD 15 AWAKENED FOR WORK
-1941770181: THREAD 15 READ LOCK ACQUIRED
-1941769026: THREAD 15 READ LOCK RELEASED
-1941768142: THREAD 16 INSERT,-309582875,Cloud Strife,75000
-1941767991: THREAD 16 AWAKENED FOR WORK
-1941767991: THREAD 16 WRITE LOCK ACQUIRED
-1941766635: THREAD 16 WRITE LOCK RELEASED
-1941765808: THREAD 17 INSERT,1962867686,Samus Aran,78000
-1941765657: THREAD 17 AWAKENED FOR WORK
-1941765657: THREAD 17 WRITE LOCK ACQUIRED
-1941764611: THREAD 17 WRITE LOCK RELEASED
-1941764192: THREAD 18 INSERT,-1310774353,Link,82000
-1941764048: THREAD 18 AWAKENED FOR WORK
-1941764048: THREAD 18 WRITE LOCK ACQUIRED
-1941762670: THREAD 18 WRITE LOCK RELEASED
-1941761490: THREAD 19 SEARCH,-309582875,Cloud Strife
-1941761185: THREAD 19 AWAKENED FOR WORK
-1941761185: THREAD 19 READ LOCK ACQUIRED
-1941759802: THREAD 19 READ LOCK RELEASED
-1941759303: THREAD 20 SEARCH,-1310774353,Link
-1941759148: THREAD 20 AWAKENED FOR WORK
-1941759148: THREAD 20 READ LOCK ACQUIRED
-1941758161: THREAD 20 READ LOCK RELEASED
-1941758000: THREAD 21 AWAKENED FOR WORK
-1941758000: THREAD 21 READ LOCK ACQUIRED
-1941749085: THREAD 21 READ LOCK RELEASED
-1941748167: THREAD 22 DELETE,-409174646,Todd Howard
-1941747977: THREAD 22 AWAKENED FOR WORK
-1941747977: THREAD 22 WRITE LOCK ACQUIRED
-1941745811: THREAD 22 WRITE LOCK RELEASED
-1941744827: THREAD 23 SEARCH,-409174646,Todd Howard
-1941744650: THREAD 23 AWAKENED FOR WORK
-1941744650: THREAD 23 READ LOCK ACQUIRED
-1941743830: THREAD 23 READ LOCK RELEASED
-1941742990: THREAD 24 INSERT,1687466630,Solid Snake,80000
-1941742833: THREAD 24 AWAKENED FOR WORK
-1941742833: THREAD 24 WRITE LOCK ACQUIRED
-1941741775: THREAD 24 WRITE LOCK RELEASED
-1941740899: THREAD 25 INSERT,74577200,Master Chief,83000
-1941740761: THREAD 25 AWAKENED FOR WORK
-1941740761: THREAD 25 WRITE LOCK ACQUIRED
-1941739363: THREAD 25 WRITE LOCK RELEASED
-1941738508: THREAD 26 UPDATE,448054155,Gabe Newell,93000
-1941738363: THREAD 26 AWAKENED FOR WORK
-1941738363: THREAD 26 WRITE LOCK ACQUIRED
-1941736285: THREAD 26 WRITE LOCK RELEASED
-1941735451: THREAD 27 SEARCH,448054155,Gabe Newell
-1941735291: THREAD 27 AWAKENED FOR WORK
-1941735291: THREAD 27 READ LOCK ACQUIRED
-1941734281: THREAD 27 READ LOCK RELEASED
-1941733013: THREAD 28 INSERT,-1887004811,Aerith Gainsborough,71000
-1941732882: THREAD 28 AWAKENED FOR WORK
-1941732882: THREAD 28 WRITE LOCK ACQUIRED
-1941730995: THREAD 28 WRITE LOCK RELEASED
-1941729786: THREAD 29 INSERT,577223543,Tifa Lockhart,69000
-1941729549: THREAD 29 AWAKENED FOR WORK
-1941729549: THREAD 29 WRITE LOCK ACQUIRED
-1941728091: THREAD 29 WRITE LOCK RELEASED
-1941727614: THREAD 30 INSERT,1944738683,Yuna,74000
-1941727485: THREAD 30 AWAKENED FOR WORK
-1941727485: THREAD 30 WRITE LOCK ACQUIRED
-1941726082: THREAD 30 WRITE LOCK RELEASED
-1941725866: THREAD 31 AWAKENED FOR WORK
-1941725866: THREAD 31 READ LOCK ACQUIRED
-1941713896: THREAD 31 READ LOCK RELEASED
-1941712230: THREAD 32 SEARCH,-1887004811,Aerith Gainsborough
-1941711995: THREAD 32 AWAKENED FOR WORK
-1941711995: THREAD 32 READ LOCK ACQUIRED
-1941710610: THREAD 32 READ LOCK RELEASED
-1941709289: THREAD 33 UPDATE,-1887004811,Aerith Gainsborough,76000
-1941709130: THREAD 33 AWAKENED FOR WORK
-1941709130: THREAD 33 WRITE LOCK ACQUIRED
-1941706481: THREAD 33 WRITE LOCK RELEASED
-1941705215: THREAD 34 SEARCH,-1887004811,Aerith Gainsborough
-1941705087: THREAD 34 AWAKENED FOR WORK
-1941705087: THREAD 34 READ LOCK ACQUIRED
-1941703761: THREAD 34 READ LOCK RELEASED
-1941702915: THREAD 35 DELETE,1636918322,Satoshi Kon
-1941702790: THREAD 35 AWAKENED FOR WORK
-1941702790: THREAD 35 WRITE LOCK ACQUIRED
-1941701311: THREAD 35 WRITE LOCK RELEASED
-1941700457: THREAD 36 SEARCH,1636918322,Satoshi Kon
-1941700304: THREAD 36 AWAKENED FOR WORK
-1941700304: THREAD 36 READ LOCK ACQUIRED
-1941699512: THREAD 36 READ LOCK RELEASED
-1941698561: THREAD 37 INSERT,570842830,Nobuo Uematsu,88000
-1941698433: THREAD 37 AWAKENED FOR WORK
-1941698433: THREAD 37 WRITE LOCK ACQUIRED
-1941697008: THREAD 37 WRITE LOCK RELEASED
-1941696226: THREAD 38 INSERT,1499823524,Koji Kondo,86000
-1941696100: THREAD 38 AWAKENED FOR WORK
-1941696100: THREAD 38 WRITE LOCK ACQUIRED
-1941694947: THREAD 38 WRITE LOCK RELEASED
-1941693956: THREAD 39 INSERT,-322708462,Yoko Shimomura,91000
-1941693808: THREAD 39 AWAKENED FOR WORK
-1941693808: THREAD 39 WRITE LOCK ACQUIRED
-1941692640: THREAD 39 WRITE LOCK RELEASED
-1941692490: THREAD 40 AWAKENED FOR WORK
-1941692490: THREAD 40 READ LOCK ACQUIRED
-1941679449: THREAD 40 READ LOCK RELEASED
-1941678116: THREAD 41 UPDATE,1088855094,Hidetaka Miyazaki,100000
-1941677884: THREAD 41 AWAKENED FOR WORK
-1941677884: THREAD 41 WRITE LOCK ACQUIRED
-1941674887: THREAD 41 WRITE LOCK RELEASED
-1941673772: THREAD 42 UPDATE,1698859017,Hayao Miyazaki,110000
-1941673559: THREAD 42 AWAKENED FOR WORK
-1941673559: THREAD 42 WRITE LOCK ACQUIRED
-1941671036: THREAD 42 WRITE LOCK RELEASED
-1941669724: THREAD 43 SEARCH,1088855094,Hidetaka Miyazaki
-1941669477: THREAD 43 AWAKENED FOR WORK
-1941669477: THREAD 43 READ LOCK ACQUIRED
-1941668013: THREAD 43 READ LOCK RELEASED
-1941666895: THREAD 44 SEARCH,1698859017,Hayao Miyazaki
-1941666727: THREAD 44 AWAKENED FOR WORK
-1941666727: THREAD 44 READ LOCK ACQUIRED
-1941665613: THREAD 44 READ LOCK RELEASED
-1941665074: THREAD 45 INSERT,-2145361568,Mario,65000
-1941664943: THREAD 45 AWAKENED FOR WORK
-1941664943: THREAD 45 WRITE LOCK ACQUIRED
-1941663632: THREAD 45 WRITE LOCK RELEASED
-1941662922: THREAD 46 INSERT,-1219080132,Sonic,67000
-1941662756: THREAD 46 AWAKENED FOR WORK
-1941662756: THREAD 46 WRITE LOCK ACQUIRED
-1941661399: THREAD 46 WRITE LOCK RELEASED
-1941660415: THREAD 47 DELETE,577223543,Tifa Lockhart
-1941660258: THREAD 47 AWAKENED FOR WORK
-1941660258: THREAD 47 WRITE LOCK ACQUIRED
-1941658995: THREAD 47 WRITE LOCK RELEASED
-1941658004: THREAD 48 SEARCH,577223543,Tifa Lockhart
-1941657852: THREAD 48 AWAKENED FOR WORK
-1941657852: THREAD 48 READ LOCK ACQUIRED
-1941656747: THREAD 48 READ LOCK RELEASED
-1941655954: THREAD 49 INSERT,-1741067585,Lara Croft,77000
-1941655815: THREAD 49 AWAKENED FOR WORK
-1941655815: THREAD 49 WRITE LOCK ACQUIRED
-1941654466: THREAD 49 WRITE LOCK RELEASED
-1941653491: THREAD 50 UPDATE,74577200,Master Chief,88000
-1941653347: THREAD 50 AWAKENED FOR WORK
-1941653347: THREAD 50 WRITE LOCK ACQUIRED
-1941651165: THREAD 50 WRITE LOCK RELEASED
-1941650278: THREAD 51 SEARCH,74577200,Master Chief
-1941650130: THREAD 51 AWAKENED FOR WORK
-1941650130: THREAD 51 READ LOCK ACQUIRED
-1941648708: THREAD 51 READ LOCK RELEASED
-1941648516: THREAD 52 AWAKENED FOR WORK
-1941648516: THREAD 52 READ LOCK ACQUIRED
-1941630136: THREAD 52 READ LOCK RELEASED
-1941629259: THREAD 53 INSERT,-1601346029,Kirby,62000
-1941628676: THREAD 53 AWAKENED FOR WORK
-1941628676: THREAD 53 WRITE LOCK ACQUIRED
-1941626825: THREAD 53 WRITE LOCK RELEASED
-1941626308: THREAD 54 UPDATE,-1310774353,Link,87000
-1941626144: THREAD 54 AWAKENED FOR WORK
-1941626144: THREAD 54 WRITE LOCK ACQUIRED
-1941623943: THREAD 54 WRITE LOCK RELEASED
-1941623370: THREAD 55 DELETE,1944738683,Yuna
-1941623143: THREAD 55 AWAKENED FOR WORK
-1941623143: THREAD 55 WRITE LOCK ACQUIRED
-1941621487: THREAD 55 WRITE LOCK RELEASED
-1941620335: THREAD 56 INSERT,1925106209,Geralt of Rivia,84000
-1941620142: THREAD 56 AWAKENED FOR WORK
-1941620142: THREAD 56 WRITE LOCK ACQUIRED
-1941618913: THREAD 56 WRITE LOCK RELEASED
-1941617451: THREAD 57 SEARCH,-1263057500,Nonexistent Character
-1941617255: THREAD 57 AWAKENED FOR WORK
-1941617255: THREAD 57 READ LOCK ACQUIRED
-1941616252: THREAD 57 READ LOCK RELEASED
-1941615213: THREAD 58 UPDATE,1513496221,Missing Person,99999
-1941615060: THREAD 58 AWAKENED FOR WORK
-1941615060: THREAD 58 WRITE LOCK ACQUIRED
-1941612797: THREAD 58 WRITE LOCK RELEASED
-1941612567: THREAD 59 AWAKENED FOR WORK
-1941612567: THREAD 59 READ LOCK ACQUIRED
-1941597627: THREAD 59 READ LOCK RELEASED

Number of lock acquisitions: 60
Number of lock releases: 60
Final Table:
-2145361568,Mario,65000
-1899343693,Makoto Shinkai,102000
-1887004811,Aerith Gainsborough,76000
-1741067585,Lara Croft,77000
-1725001979,Hideo Kojima,97000
-1601346029,Kirby,62000
-1310774353,Link,87000
-1219080132,Sonic,67000
-322708462,Yoko Shimomura,91000
-309582875,Cloud Strife,75000
74577200,Master Chief,88000
448054155,Gabe Newell,93000
570842830,Nobuo Uematsu,88000
1088855094,Hidetaka Miyazaki,100000
1499823524,Koji Kondo,86000
1687466630,Solid Snake,80000
1698859017,Hayao Miyazaki,110000
1874280167,Shigeru Miyamoto,90000
1925106209,Geralt of Rivia,84000
1962867686,Samus Aran,78000
